<?xml version="1.0" encoding="UTF-8"?>
<!-- Generated by org.testng.reporters.JUnitReportReporter -->
<testsuite skipped="0" hostname="HOLBMAC0406" name="test.Class1" tests="3" failures="0" timestamp="27 Mar 2018 09:51:49 GMT" time="0.009" errors="0">
  <testcase name="addVendor" time="0.006" classname="test.Class1"/>
  <testcase name="addProduct" time="0.001" classname="test.Class1"/>
  <testcase name="addcurrency" time="0.002" classname="test.Class1"/>
</testsuite> <!-- test.Class1 -->
