<?xml version="1.0" encoding="UTF-8"?>
<!-- Generated by org.testng.reporters.JUnitReportReporter -->
<testsuite skipped="0" hostname="HOLBMAC0406" name="test.Testing" tests="3" failures="0" timestamp="27 Mar 2018 09:51:49 GMT" time="19.562" errors="0">
  <testcase name="googleTitle" time="5.825" classname="test.Testing"/>
  <testcase name="selectTitle" time="5.611" classname="test.Testing"/>
  <testcase name="yahooTitle" time="8.126" classname="test.Testing"/>
</testsuite> <!-- test.Testing -->
