<?xml version="1.0" encoding="UTF-8"?>
<!-- Generated by org.testng.reporters.JUnitReportReporter -->
<testsuite skipped="0" hostname="HOLBMAC0406" name="com.test.PlaceOrderTest" tests="10" failures="0" timestamp="03 Apr 2018 07:40:16 GMT" time="33.787" errors="0">
  <testcase name="addItemsToBasket" time="2.360" classname="com.test.PlaceOrderTest"/>
  <testcase name="viewBasket" time="0.094" classname="com.test.PlaceOrderTest"/>
  <testcase name="checkout" time="1.505" classname="com.test.PlaceOrderTest"/>
  <testcase name="findPostCode" time="2.273" classname="com.test.PlaceOrderTest"/>
  <testcase name="selectdate" time="0.337" classname="com.test.PlaceOrderTest"/>
  <testcase name="OrderVerification" time="0.687" classname="com.test.PlaceOrderTest"/>
  <testcase name="personaldetails" time="4.897" classname="com.test.PlaceOrderTest"/>
  <testcase name="payment" time="0.625" classname="com.test.PlaceOrderTest"/>
  <testcase name="orderconfirmation" time="20.988" classname="com.test.PlaceOrderTest"/>
  <testcase name="detailcomparions" time="0.021" classname="com.test.PlaceOrderTest"/>
</testsuite> <!-- com.test.PlaceOrderTest -->
