<?xml version="1.0" encoding="UTF-8"?>
<!-- Generated by org.testng.reporters.JUnitReportReporter -->
<testsuite skipped="0" hostname="HOLBMAC0406" name="test.Class2" tests="3" failures="0" timestamp="27 Mar 2018 09:51:49 GMT" time="0.019" errors="0">
  <testcase name="deleteVendor" time="0.011" classname="test.Class2"/>
  <testcase name="deleteProduct" time="0.006" classname="test.Class2"/>
  <testcase name="Deletecurrency" time="0.002" classname="test.Class2"/>
</testsuite> <!-- test.Class2 -->
