<?xml version="1.0" encoding="UTF-8"?>
<!-- Generated by org.testng.reporters.JUnitReportReporter -->
<testsuite skipped="0" hostname="HOLBMAC0406" name="pages.Class3" tests="3" failures="0" timestamp="27 Mar 2018 09:51:49 GMT" time="0.003" errors="0">
  <testcase name="Class3Vendor" time="0.001" classname="pages.Class3"/>
  <testcase name="Class3Product" time="0.001" classname="pages.Class3"/>
  <testcase name="Class3currency" time="0.001" classname="pages.Class3"/>
</testsuite> <!-- pages.Class3 -->
