<?xml version="1.0" encoding="UTF-8"?>
<!-- Generated by org.testng.reporters.JUnitReportReporter -->
<testsuite skipped="0" hostname="HOLBMAC0406" name="test.PlaceOrderTest" tests="10" failures="0" timestamp="29 Mar 2018 14:23:04 GMT" time="16.948" errors="0">
  <testcase name="addItemsToBasket" time="2.063" classname="test.PlaceOrderTest"/>
  <testcase name="viewBasket" time="0.126" classname="test.PlaceOrderTest"/>
  <testcase name="checkout" time="1.642" classname="test.PlaceOrderTest"/>
  <testcase name="findPostCode" time="1.055" classname="test.PlaceOrderTest"/>
  <testcase name="selectdate" time="2.334" classname="test.PlaceOrderTest"/>
  <testcase name="OrderVerification" time="0.605" classname="test.PlaceOrderTest"/>
  <testcase name="personaldetails" time="2.811" classname="test.PlaceOrderTest"/>
  <testcase name="payment" time="0.528" classname="test.PlaceOrderTest"/>
  <testcase name="orderconfirmation" time="5.782" classname="test.PlaceOrderTest"/>
  <testcase name="detailcomparions" time="0.002" classname="test.PlaceOrderTest"/>
</testsuite> <!-- test.PlaceOrderTest -->
